2020.10.22 11:24:01: Added Thomas Anderson Teacher
2020.10.22 11:24:01: Added Han Solo Teacher
2020.10.22 11:24:01: Added Princess Leia Teacher
2020.10.22 11:24:01: Added Severus Snape Teacher
2020.10.22 11:24:01: Added Dolores Umbridge Teacher
2020.10.22 11:24:01: Added Peter Pan Student to class class 1A, profile humane
2020.10.22 11:24:01: Added Anna Shirley Student to class class 1A, profile humane
2020.10.22 11:24:01: Added Harry Potter Student to class class 1A, profile humane
2020.10.22 11:24:01: Added Ron Weasley Student to class class 1A, profile humane
2020.10.22 11:24:01: Added term of subject Math on MONDAY at 10:30, 45 min to subject Math
2020.10.22 11:24:01: Added term of subject Math on THURSDAY at 12:50, 45 min to subject Math
2020.10.22 11:24:01: Added subject Math to class 1A, profile humane
2020.10.22 11:24:01: Added term of subject English on MONDAY at 12:00, 45 min to subject English
2020.10.22 11:24:01: Added term of subject English on TUESDAY at 11:00, 45 min to subject English
2020.10.22 11:24:01: Added term of subject English on WEDNESDAY at 10:30, 45 min to subject English
2020.10.22 11:24:01: Added term of subject English on THURSDAY at 11:00, 45 min to subject English
2020.10.22 11:24:01: Added subject English to class 1A, profile humane
2020.10.22 11:24:01: Added term of subject Computer Science on TUESDAY at 09:00, 45 min to subject Computer Science
2020.10.22 11:24:01: Added subject Computer Science to class 1A, profile humane
2020.10.22 11:24:01: Added term of subject Chemistry on WEDNESDAY at 11:30, 45 min to subject Chemistry
2020.10.22 11:24:01: Added subject Chemistry to class 1A, profile humane
2020.10.22 11:24:01: Added term of subject Potions on FRIDAY at 09:00, 90 min to subject Potions
2020.10.22 11:24:01: Added subject Potions to class 1A, profile humane
2020.10.22 11:24:01: Added term of subject Black Magic Defense on FRIDAY at 12:30, 90 min to subject Black Magic Defense
2020.10.22 11:24:01: Added subject Black Magic Defense to class 1A, profile humane
2020.10.22 11:24:01: Added class 1A, profile humane
2020.10.22 11:51:53: Added Peter Pan Student to class class 1A, profile humane
2020.10.22 11:51:53: Added Anna Shirley Student to class class 1A, profile humane
2020.10.22 11:51:53: Added Harry Potter Student to class class 1A, profile humane
2020.10.22 11:51:53: Added Ron Weasley Student to class class 1A, profile humane
2020.10.22 11:51:53: Added term of subject Math on MONDAY at 10:30, 45 min to subject Math
2020.10.22 11:51:53: Added term of subject Math on THURSDAY at 12:50, 45 min to subject Math
2020.10.22 11:51:53: Added subject Math to class 1A, profile humane
2020.10.22 11:51:53: Added term of subject English on MONDAY at 12:00, 45 min to subject English
2020.10.22 11:51:53: Added term of subject English on TUESDAY at 11:00, 45 min to subject English
2020.10.22 11:51:53: Added term of subject English on WEDNESDAY at 10:30, 45 min to subject English
2020.10.22 11:51:53: Added term of subject English on THURSDAY at 11:00, 45 min to subject English
2020.10.22 11:51:53: Added subject English to class 1A, profile humane
2020.10.22 11:51:53: Added term of subject Computer Science on TUESDAY at 09:00, 45 min to subject Computer Science
2020.10.22 11:51:53: Added subject Computer Science to class 1A, profile humane
2020.10.22 11:51:53: Added term of subject Chemistry on WEDNESDAY at 11:30, 45 min to subject Chemistry
2020.10.22 11:51:53: Added subject Chemistry to class 1A, profile humane
2020.10.22 11:51:53: Added term of subject Potions on FRIDAY at 09:00, 90 min to subject Potions
2020.10.22 11:51:53: Added subject Potions to class 1A, profile humane
2020.10.22 11:51:53: Added term of subject Black Magic Defense on FRIDAY at 12:30, 90 min to subject Black Magic Defense
2020.10.22 11:51:53: Added subject Black Magic Defense to class 1A, profile humane
2020.10.22 11:51:53: Added class 1A, profile humane
2020.10.22 11:52:11: Added Thomas Anderson Teacher
2020.10.22 11:52:11: Added Han Solo Teacher
2020.10.22 11:52:11: Added Princess Leia Teacher
2020.10.22 11:52:11: Added Severus Snape Teacher
2020.10.22 11:52:11: Added Dolores Umbridge Teacher
2020.10.22 11:52:11: Added Peter Pan Student to class class 1A, profile humane
2020.10.22 11:52:11: Added Anna Shirley Student to class class 1A, profile humane
2020.10.22 11:52:11: Added Harry Potter Student to class class 1A, profile humane
2020.10.22 11:52:11: Added Ron Weasley Student to class class 1A, profile humane
2020.10.22 11:52:11: Added term of subject Math on MONDAY at 10:30, 45 min to subject Math
2020.10.22 11:52:11: Added term of subject Math on THURSDAY at 12:50, 45 min to subject Math
2020.10.22 11:52:11: Added subject Math to class 1A, profile humane
2020.10.22 11:52:11: Added term of subject English on MONDAY at 12:00, 45 min to subject English
2020.10.22 11:52:11: Added term of subject English on TUESDAY at 11:00, 45 min to subject English
2020.10.22 11:52:11: Added term of subject English on WEDNESDAY at 10:30, 45 min to subject English
2020.10.22 11:52:11: Added term of subject English on THURSDAY at 11:00, 45 min to subject English
2020.10.22 11:52:11: Added subject English to class 1A, profile humane
2020.10.22 11:52:11: Added term of subject Computer Science on TUESDAY at 09:00, 45 min to subject Computer Science
2020.10.22 11:52:11: Added subject Computer Science to class 1A, profile humane
2020.10.22 11:52:11: Added term of subject Chemistry on WEDNESDAY at 11:30, 45 min to subject Chemistry
2020.10.22 11:52:11: Added subject Chemistry to class 1A, profile humane
2020.10.22 11:52:11: Added term of subject Potions on FRIDAY at 09:00, 90 min to subject Potions
2020.10.22 11:52:11: Added subject Potions to class 1A, profile humane
2020.10.22 11:52:11: Added term of subject Black Magic Defense on FRIDAY at 12:30, 90 min to subject Black Magic Defense
2020.10.22 11:52:11: Added subject Black Magic Defense to class 1A, profile humane
2020.10.22 11:52:11: Added class 1A, profile humane
2020.10.22 12:18:31: Added Thomas Anderson Teacher
2020.10.22 12:18:31: Added Han Solo Teacher
2020.10.22 12:18:31: Added Princess Leia Teacher
2020.10.22 12:18:31: Added Severus Snape Teacher
2020.10.22 12:18:31: Added Dolores Umbridge Teacher
2020.10.22 12:18:31: Added Peter Pan Student to class class 1A, profile humane
2020.10.22 12:18:31: Added Anna Shirley Student to class class 1A, profile humane
2020.10.22 12:18:31: Added Harry Potter Student to class class 1A, profile humane
2020.10.22 12:18:31: Added Ron Weasley Student to class class 1A, profile humane
2020.10.22 12:18:31: Added term of subject Math on MONDAY at 10:30, 45 min to subject Math
2020.10.22 12:18:31: Added term of subject Math on THURSDAY at 12:50, 45 min to subject Math
2020.10.22 12:18:31: Added subject Math to class 1A, profile humane
2020.10.22 12:18:31: Added term of subject English on MONDAY at 12:00, 45 min to subject English
2020.10.22 12:18:31: Added term of subject English on TUESDAY at 11:00, 45 min to subject English
2020.10.22 12:18:31: Added term of subject English on WEDNESDAY at 10:30, 45 min to subject English
2020.10.22 12:18:31: Added term of subject English on THURSDAY at 11:00, 45 min to subject English
2020.10.22 12:18:31: Added subject English to class 1A, profile humane
2020.10.22 12:18:32: Added term of subject Computer Science on TUESDAY at 09:00, 45 min to subject Computer Science
2020.10.22 12:18:32: Added subject Computer Science to class 1A, profile humane
2020.10.22 12:18:32: Added term of subject Chemistry on WEDNESDAY at 11:30, 45 min to subject Chemistry
2020.10.22 12:18:32: Added subject Chemistry to class 1A, profile humane
2020.10.22 12:18:32: Added term of subject Potions on FRIDAY at 09:00, 90 min to subject Potions
2020.10.22 12:18:32: Added subject Potions to class 1A, profile humane
2020.10.22 12:18:32: Added term of subject Black Magic Defense on FRIDAY at 12:30, 90 min to subject Black Magic Defense
2020.10.22 12:18:32: Added subject Black Magic Defense to class 1A, profile humane
2020.10.22 12:18:32: Added class 1A, profile humane
